0    DEBUG [2017-04-11 21:40:26]  Setting default value: false
1    DEBUG [2017-04-11 21:40:26]  Converting 'Boolean' value 'false' to type 'Boolean'
1    DEBUG [2017-04-11 21:40:26]      No conversion required, value is already a Boolean
5    DEBUG [2017-04-11 21:40:26]  Setting default value: 0
5    DEBUG [2017-04-11 21:40:26]  Converting 'Integer' value '0' to type 'Byte'
6    DEBUG [2017-04-11 21:40:26]      Converted to Byte value '0'
7    DEBUG [2017-04-11 21:40:26]  Setting default value:  
7    DEBUG [2017-04-11 21:40:26]  Converting 'Character' value ' ' to type 'Character'
7    DEBUG [2017-04-11 21:40:26]      No conversion required, value is already a Character
8    DEBUG [2017-04-11 21:40:26]  Setting default value: 0
8    DEBUG [2017-04-11 21:40:26]  Converting 'Integer' value '0' to type 'Double'
9    DEBUG [2017-04-11 21:40:26]      Converted to Double value '0.0'
10   DEBUG [2017-04-11 21:40:26]  Setting default value: 0
10   DEBUG [2017-04-11 21:40:26]  Converting 'Integer' value '0' to type 'Float'
10   DEBUG [2017-04-11 21:40:26]      Converted to Float value '0.0'
11   DEBUG [2017-04-11 21:40:26]  Setting default value: 0
12   DEBUG [2017-04-11 21:40:26]  Converting 'Integer' value '0' to type 'Integer'
12   DEBUG [2017-04-11 21:40:26]      No conversion required, value is already a Integer
13   DEBUG [2017-04-11 21:40:26]  Setting default value: 0
13   DEBUG [2017-04-11 21:40:26]  Converting 'Integer' value '0' to type 'Long'
13   DEBUG [2017-04-11 21:40:26]      Converted to Long value '0'
14   DEBUG [2017-04-11 21:40:26]  Setting default value: 0
15   DEBUG [2017-04-11 21:40:26]  Converting 'Integer' value '0' to type 'Short'
15   DEBUG [2017-04-11 21:40:26]      Converted to Short value '0'
16   DEBUG [2017-04-11 21:40:26]  Setting default value: 0.0
17   DEBUG [2017-04-11 21:40:26]  Converting 'BigDecimal' value '0.0' to type 'BigDecimal'
17   DEBUG [2017-04-11 21:40:26]      No conversion required, value is already a BigDecimal
18   DEBUG [2017-04-11 21:40:26]  Setting default value: 0
18   DEBUG [2017-04-11 21:40:26]  Converting 'BigInteger' value '0' to type 'BigInteger'
18   DEBUG [2017-04-11 21:40:26]      No conversion required, value is already a BigInteger
18   DEBUG [2017-04-11 21:40:26]  Setting default value: false
19   DEBUG [2017-04-11 21:40:26]  Converting 'Boolean' value 'false' to type 'Boolean'
19   DEBUG [2017-04-11 21:40:26]      No conversion required, value is already a Boolean
19   DEBUG [2017-04-11 21:40:26]  Setting default value: 0
19   DEBUG [2017-04-11 21:40:26]  Converting 'Integer' value '0' to type 'Byte'
19   DEBUG [2017-04-11 21:40:26]      Converted to Byte value '0'
20   DEBUG [2017-04-11 21:40:26]  Setting default value:  
20   DEBUG [2017-04-11 21:40:26]  Converting 'Character' value ' ' to type 'Character'
20   DEBUG [2017-04-11 21:40:26]      No conversion required, value is already a Character
20   DEBUG [2017-04-11 21:40:26]  Setting default value: 0
20   DEBUG [2017-04-11 21:40:26]  Converting 'Integer' value '0' to type 'Double'
20   DEBUG [2017-04-11 21:40:26]      Converted to Double value '0.0'
21   DEBUG [2017-04-11 21:40:26]  Setting default value: 0
21   DEBUG [2017-04-11 21:40:26]  Converting 'Integer' value '0' to type 'Float'
21   DEBUG [2017-04-11 21:40:26]      Converted to Float value '0.0'
21   DEBUG [2017-04-11 21:40:26]  Setting default value: 0
22   DEBUG [2017-04-11 21:40:26]  Converting 'Integer' value '0' to type 'Integer'
22   DEBUG [2017-04-11 21:40:26]      No conversion required, value is already a Integer
22   DEBUG [2017-04-11 21:40:26]  Setting default value: 0
23   DEBUG [2017-04-11 21:40:26]  Converting 'Integer' value '0' to type 'Long'
23   DEBUG [2017-04-11 21:40:26]      Converted to Long value '0'
23   DEBUG [2017-04-11 21:40:26]  Setting default value: 0
23   DEBUG [2017-04-11 21:40:26]  Converting 'Integer' value '0' to type 'Short'
23   DEBUG [2017-04-11 21:40:26]      Converted to Short value '0'
24   DEBUG [2017-04-11 21:40:26]  Setting default value: 
25   DEBUG [2017-04-11 21:40:26]  Converting 'String' value '' to type 'String'
32   DEBUG [2017-04-11 21:40:26]  Setting default value: [Z@1ca50f4
33   DEBUG [2017-04-11 21:40:26]  Converting 'boolean[]' value '[Z@1ca50f4' to type 'boolean[]'
33   DEBUG [2017-04-11 21:40:26]      No conversion required, value is already a boolean[]
33   DEBUG [2017-04-11 21:40:26]  Setting default value: [B@cec9e5
33   DEBUG [2017-04-11 21:40:26]  Converting 'byte[]' value '[B@cec9e5' to type 'byte[]'
33   DEBUG [2017-04-11 21:40:26]      No conversion required, value is already a byte[]
33   DEBUG [2017-04-11 21:40:26]  Setting default value: [C@1a3bb1c
34   DEBUG [2017-04-11 21:40:26]  Converting 'char[]' value '[C@1a3bb1c' to type 'char[]'
34   DEBUG [2017-04-11 21:40:26]      No conversion required, value is already a char[]
34   DEBUG [2017-04-11 21:40:26]  Setting default value: [D@cd1270
34   DEBUG [2017-04-11 21:40:26]  Converting 'double[]' value '[D@cd1270' to type 'double[]'
34   DEBUG [2017-04-11 21:40:26]      No conversion required, value is already a double[]
34   DEBUG [2017-04-11 21:40:26]  Setting default value: [F@179a76d
34   DEBUG [2017-04-11 21:40:26]  Converting 'float[]' value '[F@179a76d' to type 'float[]'
34   DEBUG [2017-04-11 21:40:26]      No conversion required, value is already a float[]
34   DEBUG [2017-04-11 21:40:26]  Setting default value: [I@166d046
35   DEBUG [2017-04-11 21:40:26]  Converting 'int[]' value '[I@166d046' to type 'int[]'
35   DEBUG [2017-04-11 21:40:26]      No conversion required, value is already a int[]
35   DEBUG [2017-04-11 21:40:26]  Setting default value: [J@1a5f4ed
35   DEBUG [2017-04-11 21:40:26]  Converting 'long[]' value '[J@1a5f4ed' to type 'long[]'
35   DEBUG [2017-04-11 21:40:26]      No conversion required, value is already a long[]
35   DEBUG [2017-04-11 21:40:26]  Setting default value: [S@1d32bfb
35   DEBUG [2017-04-11 21:40:26]  Converting 'short[]' value '[S@1d32bfb' to type 'short[]'
35   DEBUG [2017-04-11 21:40:26]      No conversion required, value is already a short[]
35   DEBUG [2017-04-11 21:40:26]  Setting default value: [Ljava.math.BigDecimal;@1e5b0a3
36   DEBUG [2017-04-11 21:40:26]  Converting 'BigDecimal[]' value '[Ljava.math.BigDecimal;@1e5b0a3' to type 'BigDecimal[]'
36   DEBUG [2017-04-11 21:40:26]      No conversion required, value is already a BigDecimal[]
36   DEBUG [2017-04-11 21:40:26]  Setting default value: [Ljava.math.BigInteger;@10ac79
36   DEBUG [2017-04-11 21:40:26]  Converting 'BigInteger[]' value '[Ljava.math.BigInteger;@10ac79' to type 'BigInteger[]'
36   DEBUG [2017-04-11 21:40:26]      No conversion required, value is already a BigInteger[]
36   DEBUG [2017-04-11 21:40:26]  Setting default value: [Ljava.lang.Boolean;@a2284a
36   DEBUG [2017-04-11 21:40:26]  Converting 'Boolean[]' value '[Ljava.lang.Boolean;@a2284a' to type 'Boolean[]'
36   DEBUG [2017-04-11 21:40:26]      No conversion required, value is already a Boolean[]
37   DEBUG [2017-04-11 21:40:26]  Setting default value: [Ljava.lang.Byte;@5b16
37   DEBUG [2017-04-11 21:40:26]  Converting 'Byte[]' value '[Ljava.lang.Byte;@5b16' to type 'Byte[]'
37   DEBUG [2017-04-11 21:40:26]      No conversion required, value is already a Byte[]
37   DEBUG [2017-04-11 21:40:26]  Setting default value: [Ljava.lang.Character;@8e9a9d
37   DEBUG [2017-04-11 21:40:26]  Converting 'Character[]' value '[Ljava.lang.Character;@8e9a9d' to type 'Character[]'
37   DEBUG [2017-04-11 21:40:26]      No conversion required, value is already a Character[]
38   DEBUG [2017-04-11 21:40:26]  Setting default value: [Ljava.lang.Double;@1aa99d1
38   DEBUG [2017-04-11 21:40:26]  Converting 'Double[]' value '[Ljava.lang.Double;@1aa99d1' to type 'Double[]'
38   DEBUG [2017-04-11 21:40:26]      No conversion required, value is already a Double[]
38   DEBUG [2017-04-11 21:40:26]  Setting default value: [Ljava.lang.Float;@391f56
38   DEBUG [2017-04-11 21:40:26]  Converting 'Float[]' value '[Ljava.lang.Float;@391f56' to type 'Float[]'
38   DEBUG [2017-04-11 21:40:26]      No conversion required, value is already a Float[]
39   DEBUG [2017-04-11 21:40:26]  Setting default value: [Ljava.lang.Integer;@af3c6c
39   DEBUG [2017-04-11 21:40:26]  Converting 'Integer[]' value '[Ljava.lang.Integer;@af3c6c' to type 'Integer[]'
39   DEBUG [2017-04-11 21:40:26]      No conversion required, value is already a Integer[]
39   DEBUG [2017-04-11 21:40:26]  Setting default value: [Ljava.lang.Long;@230d96
39   DEBUG [2017-04-11 21:40:26]  Converting 'Long[]' value '[Ljava.lang.Long;@230d96' to type 'Long[]'
39   DEBUG [2017-04-11 21:40:26]      No conversion required, value is already a Long[]
39   DEBUG [2017-04-11 21:40:26]  Setting default value: [Ljava.lang.Short;@1e67b92
39   DEBUG [2017-04-11 21:40:26]  Converting 'Short[]' value '[Ljava.lang.Short;@1e67b92' to type 'Short[]'
39   DEBUG [2017-04-11 21:40:26]      No conversion required, value is already a Short[]
40   DEBUG [2017-04-11 21:40:26]  Setting default value: [Ljava.lang.String;@16b0097
40   DEBUG [2017-04-11 21:40:26]  Converting 'String[]' value '[Ljava.lang.String;@16b0097' to type 'String[]'
40   DEBUG [2017-04-11 21:40:26]      No conversion required, value is already a String[]
40   DEBUG [2017-04-11 21:40:26]  Setting default value: [Ljava.lang.Class;@960e8a
40   DEBUG [2017-04-11 21:40:26]  Converting 'Class[]' value '[Ljava.lang.Class;@960e8a' to type 'Class[]'
40   DEBUG [2017-04-11 21:40:26]      No conversion required, value is already a Class[]
40   DEBUG [2017-04-11 21:40:26]  Setting default value: [Ljava.util.Date;@dff4b3
40   DEBUG [2017-04-11 21:40:26]  Converting 'Date[]' value '[Ljava.util.Date;@dff4b3' to type 'Date[]'
40   DEBUG [2017-04-11 21:40:26]      No conversion required, value is already a Date[]
40   DEBUG [2017-04-11 21:40:26]  Setting default value: [Ljava.util.Calendar;@1afe373
41   DEBUG [2017-04-11 21:40:26]  Converting 'Calendar[]' value '[Ljava.util.Calendar;@1afe373' to type 'Calendar[]'
41   DEBUG [2017-04-11 21:40:26]      No conversion required, value is already a Calendar[]
41   DEBUG [2017-04-11 21:40:26]  Setting default value: [Ljava.io.File;@7e577a
41   DEBUG [2017-04-11 21:40:26]  Converting 'java.io.File[]' value '[Ljava.io.File;@7e577a' to type 'java.io.File[]'
41   DEBUG [2017-04-11 21:40:26]      No conversion required, value is already a java.io.File[]
41   DEBUG [2017-04-11 21:40:26]  Setting default value: [Ljava.sql.Date;@1542cb6
41   DEBUG [2017-04-11 21:40:26]  Converting 'java.sql.Date[]' value '[Ljava.sql.Date;@1542cb6' to type 'java.sql.Date[]'
41   DEBUG [2017-04-11 21:40:26]      No conversion required, value is already a java.sql.Date[]
42   DEBUG [2017-04-11 21:40:26]  Setting default value: [Ljava.sql.Time;@138171
42   DEBUG [2017-04-11 21:40:26]  Converting 'java.sql.Time[]' value '[Ljava.sql.Time;@138171' to type 'java.sql.Time[]'
42   DEBUG [2017-04-11 21:40:26]      No conversion required, value is already a java.sql.Time[]
42   DEBUG [2017-04-11 21:40:26]  Setting default value: [Ljava.sql.Timestamp;@3093e4
42   DEBUG [2017-04-11 21:40:26]  Converting 'java.sql.Timestamp[]' value '[Ljava.sql.Timestamp;@3093e4' to type 'java.sql.Timestamp[]'
42   DEBUG [2017-04-11 21:40:26]      No conversion required, value is already a java.sql.Timestamp[]
42   DEBUG [2017-04-11 21:40:26]  Setting default value: [Ljava.net.URL;@c4f96f
42   DEBUG [2017-04-11 21:40:26]  Converting 'java.net.URL[]' value '[Ljava.net.URL;@c4f96f' to type 'java.net.URL[]'
42   DEBUG [2017-04-11 21:40:26]      No conversion required, value is already a java.net.URL[]
0    DEBUG [2017-04-11 22:16:20]  Setting default value: false
7    DEBUG [2017-04-11 22:16:20]  Converting 'Boolean' value 'false' to type 'Boolean'
7    DEBUG [2017-04-11 22:16:20]      No conversion required, value is already a Boolean
16   DEBUG [2017-04-11 22:16:20]  Setting default value: 0
16   DEBUG [2017-04-11 22:16:20]  Converting 'Integer' value '0' to type 'Byte'
17   DEBUG [2017-04-11 22:16:20]      Converted to Byte value '0'
18   DEBUG [2017-04-11 22:16:20]  Setting default value:  
18   DEBUG [2017-04-11 22:16:20]  Converting 'Character' value ' ' to type 'Character'
18   DEBUG [2017-04-11 22:16:20]      No conversion required, value is already a Character
22   DEBUG [2017-04-11 22:16:20]  Setting default value: 0
22   DEBUG [2017-04-11 22:16:20]  Converting 'Integer' value '0' to type 'Double'
22   DEBUG [2017-04-11 22:16:20]      Converted to Double value '0.0'
26   DEBUG [2017-04-11 22:16:20]  Setting default value: 0
26   DEBUG [2017-04-11 22:16:20]  Converting 'Integer' value '0' to type 'Float'
27   DEBUG [2017-04-11 22:16:20]      Converted to Float value '0.0'
30   DEBUG [2017-04-11 22:16:20]  Setting default value: 0
30   DEBUG [2017-04-11 22:16:20]  Converting 'Integer' value '0' to type 'Integer'
30   DEBUG [2017-04-11 22:16:20]      No conversion required, value is already a Integer
31   DEBUG [2017-04-11 22:16:20]  Setting default value: 0
31   DEBUG [2017-04-11 22:16:20]  Converting 'Integer' value '0' to type 'Long'
32   DEBUG [2017-04-11 22:16:20]      Converted to Long value '0'
33   DEBUG [2017-04-11 22:16:20]  Setting default value: 0
34   DEBUG [2017-04-11 22:16:20]  Converting 'Integer' value '0' to type 'Short'
34   DEBUG [2017-04-11 22:16:20]      Converted to Short value '0'
37   DEBUG [2017-04-11 22:16:20]  Setting default value: 0.0
37   DEBUG [2017-04-11 22:16:20]  Converting 'BigDecimal' value '0.0' to type 'BigDecimal'
37   DEBUG [2017-04-11 22:16:20]      No conversion required, value is already a BigDecimal
40   DEBUG [2017-04-11 22:16:20]  Setting default value: 0
41   DEBUG [2017-04-11 22:16:20]  Converting 'BigInteger' value '0' to type 'BigInteger'
41   DEBUG [2017-04-11 22:16:20]      No conversion required, value is already a BigInteger
41   DEBUG [2017-04-11 22:16:20]  Setting default value: false
41   DEBUG [2017-04-11 22:16:20]  Converting 'Boolean' value 'false' to type 'Boolean'
46   DEBUG [2017-04-11 22:16:20]      No conversion required, value is already a Boolean
46   DEBUG [2017-04-11 22:16:20]  Setting default value: 0
46   DEBUG [2017-04-11 22:16:20]  Converting 'Integer' value '0' to type 'Byte'
47   DEBUG [2017-04-11 22:16:20]      Converted to Byte value '0'
47   DEBUG [2017-04-11 22:16:20]  Setting default value:  
47   DEBUG [2017-04-11 22:16:20]  Converting 'Character' value ' ' to type 'Character'
47   DEBUG [2017-04-11 22:16:20]      No conversion required, value is already a Character
47   DEBUG [2017-04-11 22:16:20]  Setting default value: 0
47   DEBUG [2017-04-11 22:16:20]  Converting 'Integer' value '0' to type 'Double'
48   DEBUG [2017-04-11 22:16:20]      Converted to Double value '0.0'
48   DEBUG [2017-04-11 22:16:20]  Setting default value: 0
49   DEBUG [2017-04-11 22:16:20]  Converting 'Integer' value '0' to type 'Float'
50   DEBUG [2017-04-11 22:16:20]      Converted to Float value '0.0'
50   DEBUG [2017-04-11 22:16:20]  Setting default value: 0
50   DEBUG [2017-04-11 22:16:20]  Converting 'Integer' value '0' to type 'Integer'
50   DEBUG [2017-04-11 22:16:20]      No conversion required, value is already a Integer
50   DEBUG [2017-04-11 22:16:20]  Setting default value: 0
50   DEBUG [2017-04-11 22:16:20]  Converting 'Integer' value '0' to type 'Long'
52   DEBUG [2017-04-11 22:16:20]      Converted to Long value '0'
54   DEBUG [2017-04-11 22:16:20]  Setting default value: 0
54   DEBUG [2017-04-11 22:16:20]  Converting 'Integer' value '0' to type 'Short'
55   DEBUG [2017-04-11 22:16:20]      Converted to Short value '0'
57   DEBUG [2017-04-11 22:16:20]  Setting default value: 
58   DEBUG [2017-04-11 22:16:20]  Converting 'String' value '' to type 'String'
74   DEBUG [2017-04-11 22:16:20]  Setting default value: [Z@127f28a
74   DEBUG [2017-04-11 22:16:20]  Converting 'boolean[]' value '[Z@127f28a' to type 'boolean[]'
74   DEBUG [2017-04-11 22:16:20]      No conversion required, value is already a boolean[]
75   DEBUG [2017-04-11 22:16:20]  Setting default value: [B@2b21fd
75   DEBUG [2017-04-11 22:16:20]  Converting 'byte[]' value '[B@2b21fd' to type 'byte[]'
75   DEBUG [2017-04-11 22:16:20]      No conversion required, value is already a byte[]
75   DEBUG [2017-04-11 22:16:20]  Setting default value: [C@1479b51
78   DEBUG [2017-04-11 22:16:20]  Converting 'char[]' value '[C@1479b51' to type 'char[]'
78   DEBUG [2017-04-11 22:16:20]      No conversion required, value is already a char[]
79   DEBUG [2017-04-11 22:16:20]  Setting default value: [D@edd3d8
79   DEBUG [2017-04-11 22:16:20]  Converting 'double[]' value '[D@edd3d8' to type 'double[]'
79   DEBUG [2017-04-11 22:16:20]      No conversion required, value is already a double[]
79   DEBUG [2017-04-11 22:16:20]  Setting default value: [F@84c4ed
79   DEBUG [2017-04-11 22:16:20]  Converting 'float[]' value '[F@84c4ed' to type 'float[]'
79   DEBUG [2017-04-11 22:16:20]      No conversion required, value is already a float[]
79   DEBUG [2017-04-11 22:16:20]  Setting default value: [I@1e53489
80   DEBUG [2017-04-11 22:16:20]  Converting 'int[]' value '[I@1e53489' to type 'int[]'
80   DEBUG [2017-04-11 22:16:20]      No conversion required, value is already a int[]
80   DEBUG [2017-04-11 22:16:20]  Setting default value: [J@9af37
81   DEBUG [2017-04-11 22:16:20]  Converting 'long[]' value '[J@9af37' to type 'long[]'
81   DEBUG [2017-04-11 22:16:20]      No conversion required, value is already a long[]
81   DEBUG [2017-04-11 22:16:20]  Setting default value: [S@24d43d
81   DEBUG [2017-04-11 22:16:20]  Converting 'short[]' value '[S@24d43d' to type 'short[]'
81   DEBUG [2017-04-11 22:16:20]      No conversion required, value is already a short[]
82   DEBUG [2017-04-11 22:16:20]  Setting default value: [Ljava.math.BigDecimal;@4bcb78
82   DEBUG [2017-04-11 22:16:20]  Converting 'BigDecimal[]' value '[Ljava.math.BigDecimal;@4bcb78' to type 'BigDecimal[]'
82   DEBUG [2017-04-11 22:16:20]      No conversion required, value is already a BigDecimal[]
82   DEBUG [2017-04-11 22:16:20]  Setting default value: [Ljava.math.BigInteger;@8cff04
82   DEBUG [2017-04-11 22:16:20]  Converting 'BigInteger[]' value '[Ljava.math.BigInteger;@8cff04' to type 'BigInteger[]'
82   DEBUG [2017-04-11 22:16:20]      No conversion required, value is already a BigInteger[]
83   DEBUG [2017-04-11 22:16:20]  Setting default value: [Ljava.lang.Boolean;@16f8175
83   DEBUG [2017-04-11 22:16:20]  Converting 'Boolean[]' value '[Ljava.lang.Boolean;@16f8175' to type 'Boolean[]'
83   DEBUG [2017-04-11 22:16:20]      No conversion required, value is already a Boolean[]
83   DEBUG [2017-04-11 22:16:20]  Setting default value: [Ljava.lang.Byte;@14c3359
83   DEBUG [2017-04-11 22:16:20]  Converting 'Byte[]' value '[Ljava.lang.Byte;@14c3359' to type 'Byte[]'
88   DEBUG [2017-04-11 22:16:20]      No conversion required, value is already a Byte[]
89   DEBUG [2017-04-11 22:16:20]  Setting default value: [Ljava.lang.Character;@14e37c3
89   DEBUG [2017-04-11 22:16:20]  Converting 'Character[]' value '[Ljava.lang.Character;@14e37c3' to type 'Character[]'
89   DEBUG [2017-04-11 22:16:20]      No conversion required, value is already a Character[]
90   DEBUG [2017-04-11 22:16:20]  Setting default value: [Ljava.lang.Double;@9781b1
90   DEBUG [2017-04-11 22:16:20]  Converting 'Double[]' value '[Ljava.lang.Double;@9781b1' to type 'Double[]'
90   DEBUG [2017-04-11 22:16:20]      No conversion required, value is already a Double[]
90   DEBUG [2017-04-11 22:16:20]  Setting default value: [Ljava.lang.Float;@1d6c4ff
90   DEBUG [2017-04-11 22:16:20]  Converting 'Float[]' value '[Ljava.lang.Float;@1d6c4ff' to type 'Float[]'
90   DEBUG [2017-04-11 22:16:20]      No conversion required, value is already a Float[]
90   DEBUG [2017-04-11 22:16:20]  Setting default value: [Ljava.lang.Integer;@19ee5e7
91   DEBUG [2017-04-11 22:16:20]  Converting 'Integer[]' value '[Ljava.lang.Integer;@19ee5e7' to type 'Integer[]'
91   DEBUG [2017-04-11 22:16:20]      No conversion required, value is already a Integer[]
91   DEBUG [2017-04-11 22:16:20]  Setting default value: [Ljava.lang.Long;@1f22578
91   DEBUG [2017-04-11 22:16:20]  Converting 'Long[]' value '[Ljava.lang.Long;@1f22578' to type 'Long[]'
91   DEBUG [2017-04-11 22:16:20]      No conversion required, value is already a Long[]
95   DEBUG [2017-04-11 22:16:20]  Setting default value: [Ljava.lang.Short;@194ba3e
108  DEBUG [2017-04-11 22:16:20]  Converting 'Short[]' value '[Ljava.lang.Short;@194ba3e' to type 'Short[]'
108  DEBUG [2017-04-11 22:16:20]      No conversion required, value is already a Short[]
108  DEBUG [2017-04-11 22:16:20]  Setting default value: [Ljava.lang.String;@b6648f
108  DEBUG [2017-04-11 22:16:20]  Converting 'String[]' value '[Ljava.lang.String;@b6648f' to type 'String[]'
109  DEBUG [2017-04-11 22:16:20]      No conversion required, value is already a String[]
109  DEBUG [2017-04-11 22:16:20]  Setting default value: [Ljava.lang.Class;@b01a3
109  DEBUG [2017-04-11 22:16:20]  Converting 'Class[]' value '[Ljava.lang.Class;@b01a3' to type 'Class[]'
110  DEBUG [2017-04-11 22:16:20]      No conversion required, value is already a Class[]
110  DEBUG [2017-04-11 22:16:20]  Setting default value: [Ljava.util.Date;@2435bf
110  DEBUG [2017-04-11 22:16:20]  Converting 'Date[]' value '[Ljava.util.Date;@2435bf' to type 'Date[]'
110  DEBUG [2017-04-11 22:16:20]      No conversion required, value is already a Date[]
112  DEBUG [2017-04-11 22:16:20]  Setting default value: [Ljava.util.Calendar;@5f2c8f
113  DEBUG [2017-04-11 22:16:20]  Converting 'Calendar[]' value '[Ljava.util.Calendar;@5f2c8f' to type 'Calendar[]'
113  DEBUG [2017-04-11 22:16:20]      No conversion required, value is already a Calendar[]
113  DEBUG [2017-04-11 22:16:20]  Setting default value: [Ljava.io.File;@136b397
115  DEBUG [2017-04-11 22:16:20]  Converting 'java.io.File[]' value '[Ljava.io.File;@136b397' to type 'java.io.File[]'
116  DEBUG [2017-04-11 22:16:20]      No conversion required, value is already a java.io.File[]
116  DEBUG [2017-04-11 22:16:20]  Setting default value: [Ljava.sql.Date;@12ca2cb
116  DEBUG [2017-04-11 22:16:20]  Converting 'java.sql.Date[]' value '[Ljava.sql.Date;@12ca2cb' to type 'java.sql.Date[]'
120  DEBUG [2017-04-11 22:16:20]      No conversion required, value is already a java.sql.Date[]
125  DEBUG [2017-04-11 22:16:20]  Setting default value: [Ljava.sql.Time;@36ebdc
125  DEBUG [2017-04-11 22:16:20]  Converting 'java.sql.Time[]' value '[Ljava.sql.Time;@36ebdc' to type 'java.sql.Time[]'
126  DEBUG [2017-04-11 22:16:20]      No conversion required, value is already a java.sql.Time[]
126  DEBUG [2017-04-11 22:16:20]  Setting default value: [Ljava.sql.Timestamp;@1789b01
126  DEBUG [2017-04-11 22:16:20]  Converting 'java.sql.Timestamp[]' value '[Ljava.sql.Timestamp;@1789b01' to type 'java.sql.Timestamp[]'
132  DEBUG [2017-04-11 22:16:20]      No conversion required, value is already a java.sql.Timestamp[]
134  DEBUG [2017-04-11 22:16:20]  Setting default value: [Ljava.net.URL;@1102b32
135  DEBUG [2017-04-11 22:16:20]  Converting 'java.net.URL[]' value '[Ljava.net.URL;@1102b32' to type 'java.net.URL[]'
136  DEBUG [2017-04-11 22:16:20]      No conversion required, value is already a java.net.URL[]
